2026-03-30 18:59:58,782 INFO: accion=LOGIN_EXITOSO usuario_id=1 detalle=
2026-03-30 19:02:40,656 INFO: accion=LOGIN_EXITOSO usuario_id=1 detalle=
2026-03-30 19:07:02,254 INFO: accion=LOGIN_EXITOSO usuario_id=1 detalle=
2026-03-30 20:35:34,673 INFO: accion=LOGIN_EXITOSO usuario_id=1 detalle=
2026-03-30 22:16:31,967 INFO: accion=LOGIN_EXITOSO usuario_id=1 detalle=
2026-03-30 22:30:10,490 INFO: accion=LOGIN_EXITOSO usuario_id=1 detalle=
2026-03-31 12:21:24,080 INFO: accion=LOGIN_EXITOSO usuario_id=1 detalle=
2026-03-31 12:23:16,480 WARNING: accion=LOGIN_FALLIDO usuario_id=1 detalle=intento 1
2026-03-31 12:23:34,109 INFO: accion=LOGIN_EXITOSO usuario_id=1 detalle=
2026-03-31 16:11:46,533 WARNING: accion=LOGIN_FALLIDO usuario_id=None detalle=username=admin no existe
2026-03-31 16:12:07,400 WARNING: accion=LOGIN_FALLIDO usuario_id=None detalle=username=admin no existe
2026-03-31 16:15:22,351 WARNING: accion=LOGIN_FALLIDO usuario_id=None detalle=username=admin no existe
2026-03-31 16:15:58,082 WARNING: accion=LOGIN_FALLIDO usuario_id=None detalle=username=admin no existe
2026-03-31 16:22:15,375 INFO: accion=LOGIN_EXITOSO usuario_id=1 detalle=
2026-03-31 16:39:11,649 INFO: accion=LOGIN_EXITOSO usuario_id=1 detalle=
2026-03-31 16:48:35,647 INFO: accion=LOGIN_EXITOSO usuario_id=1 detalle=
2026-03-31 16:52:23,924 INFO: accion=LOGOUT usuario_id=1 detalle=
2026-03-31 16:53:00,567 INFO: accion=LOGIN_EXITOSO usuario_id=1 detalle=
2026-03-31 16:53:04,423 INFO: accion=LOGOUT usuario_id=1 detalle=
2026-03-31 16:53:06,326 INFO: accion=LOGIN_EXITOSO usuario_id=1 detalle=
2026-03-31 16:54:29,470 INFO: accion=LOGIN_EXITOSO usuario_id=1 detalle=
2026-03-31 17:03:21,561 INFO: accion=LOGOUT usuario_id=1 detalle=
2026-03-31 17:03:37,230 INFO: accion=LOGIN_EXITOSO usuario_id=1 detalle=
2026-03-31 17:12:29,515 INFO: accion=LOGOUT usuario_id=1 detalle=
2026-03-31 17:12:45,195 INFO: accion=LOGIN_EXITOSO usuario_id=1 detalle=
2026-03-31 17:21:09,977 INFO: accion=LOGOUT usuario_id=1 detalle=
2026-03-31 17:21:37,191 INFO: accion=LOGIN_EXITOSO usuario_id=1 detalle=
2026-03-31 17:30:41,201 INFO: accion=LOGOUT usuario_id=1 detalle=
2026-03-31 17:31:44,651 INFO: accion=REGISTRO_USUARIO usuario_id=3 detalle=username=jiovani email=jiovanipacheco12@gmail.com
2026-03-31 17:31:53,636 INFO: accion=LOGIN_EXITOSO usuario_id=3 detalle=
2026-03-31 22:59:19,802 INFO: accion=LOGIN_EXITOSO usuario_id=1 detalle=
2026-03-31 23:02:51,078 INFO: accion=LOGOUT usuario_id=1 detalle=
2026-03-31 23:03:17,404 INFO: accion=LOGIN_EXITOSO usuario_id=1 detalle=
2026-03-31 23:03:44,732 INFO: accion=LOGOUT usuario_id=1 detalle=
2026-03-31 23:03:58,155 INFO: accion=LOGIN_EXITOSO usuario_id=1 detalle=
2026-03-31 23:04:35,744 INFO: accion=LOGIN_EXITOSO usuario_id=1 detalle=
2026-03-31 23:09:19,156 INFO: accion=LOGOUT usuario_id=1 detalle=
2026-03-31 23:09:23,107 INFO: accion=LOGIN_EXITOSO usuario_id=1 detalle=
2026-03-31 23:11:12,709 INFO: accion=LOGIN_EXITOSO usuario_id=1 detalle=
2026-03-31 23:13:43,807 INFO: accion=LOGOUT usuario_id=1 detalle=
2026-03-31 23:14:00,541 INFO: accion=LOGIN_EXITOSO usuario_id=1 detalle=
2026-03-31 23:16:16,504 INFO: accion=LOGOUT usuario_id=1 detalle=
2026-03-31 23:16:23,509 INFO: accion=LOGIN_EXITOSO usuario_id=1 detalle=
2026-03-31 23:18:00,689 INFO: accion=LOGOUT usuario_id=1 detalle=
2026-03-31 23:18:13,308 INFO: accion=LOGIN_EXITOSO usuario_id=3 detalle=
2026-03-31 23:18:58,369 INFO: accion=LOGOUT usuario_id=3 detalle=
